<?xml version="1.0" encoding="UTF-8"?>
<testng-results ignored="0" total="2" passed="2" failed="0" skipped="0">
  <reporter-output>
  </reporter-output>
  <suite started-at="2024-04-07T09:23:31 IST" name="Default suite" finished-at="2024-04-07T09:24:02 IST" duration-ms="31617">
    <groups>
    </groups>
    <test started-at="2024-04-07T09:23:31 IST" name="Default test" finished-at="2024-04-07T09:24:02 IST" duration-ms="31617">
      <class name="com.odoo.testlayer.LoginTest">
        <test-method is-config="true" signature="start()[pri:0, instance:com.odoo.testlayer.LoginTest@130161f7]" started-at="2024-04-07T09:23:31 IST" name="start" finished-at="2024-04-07T09:23:31 IST" duration-ms="342" status="PASS">
          <reporter-output>
          </reporter-output>
        </test-method> <!-- start -->
        <test-method is-config="true" signature="setUp()[pri:0, instance:com.odoo.testlayer.LoginTest@130161f7]" started-at="2024-04-07T09:23:31 IST" name="setUp" finished-at="2024-04-07T09:23:49 IST" duration-ms="17744" status="PASS">
          <reporter-output>
          </reporter-output>
        </test-method> <!-- setUp -->
        <test-method signature="verifyLoginWithInValidDetails()[pri:0, instance:com.odoo.testlayer.LoginTest@130161f7]" started-at="2024-04-07T09:23:49 IST" name="verifyLoginWithInValidDetails" finished-at="2024-04-07T09:23:52 IST" duration-ms="3366" status="PASS">
          <reporter-output>
          </reporter-output>
        </test-method> <!-- verifyLoginWithInValidDetails -->
        <test-method is-config="true" signature="tearDown()[pri:0, instance:com.odoo.testlayer.LoginTest@130161f7]" started-at="2024-04-07T09:23:52 IST" name="tearDown" finished-at="2024-04-07T09:23:53 IST" duration-ms="765" status="PASS">
          <reporter-output>
          </reporter-output>
        </test-method> <!-- tearDown -->
        <test-method is-config="true" signature="setUp()[pri:0, instance:com.odoo.testlayer.LoginTest@130161f7]" started-at="2024-04-07T09:23:53 IST" name="setUp" finished-at="2024-04-07T09:23:58 IST" duration-ms="5209" status="PASS">
          <reporter-output>
          </reporter-output>
        </test-method> <!-- setUp -->
        <test-method signature="verifyLoginWithValidDetails()[pri:0, instance:com.odoo.testlayer.LoginTest@130161f7]" started-at="2024-04-07T09:23:58 IST" name="verifyLoginWithValidDetails" finished-at="2024-04-07T09:24:01 IST" duration-ms="3034" status="PASS">
          <reporter-output>
          </reporter-output>
        </test-method> <!-- verifyLoginWithValidDetails -->
        <test-method is-config="true" signature="tearDown()[pri:0, instance:com.odoo.testlayer.LoginTest@130161f7]" started-at="2024-04-07T09:24:01 IST" name="tearDown" finished-at="2024-04-07T09:24:02 IST" duration-ms="1042" status="PASS">
          <reporter-output>
          </reporter-output>
        </test-method> <!-- tearDown -->
        <test-method is-config="true" signature="stop()[pri:0, instance:com.odoo.testlayer.LoginTest@130161f7]" started-at="2024-04-07T09:24:02 IST" name="stop" finished-at="2024-04-07T09:24:02 IST" duration-ms="2" status="PASS">
          <reporter-output>
          </reporter-output>
        </test-method> <!-- stop -->
      </class> <!-- com.odoo.testlayer.LoginTest -->
    </test> <!-- Default test -->
  </suite> <!-- Default suite -->
</testng-results>
