<?xml version="1.0" encoding="UTF-8"?>
<testng-results ignored="0" total="2" passed="1" failed="1" skipped="0">
  <reporter-output>
  </reporter-output>
  <suite started-at="2024-04-07T09:31:08 IST" name="Default suite" finished-at="2024-04-07T09:31:30 IST" duration-ms="21776">
    <groups>
    </groups>
    <test started-at="2024-04-07T09:31:08 IST" name="Default test" finished-at="2024-04-07T09:31:30 IST" duration-ms="21776">
      <class name="com.odoo.testlayer.SignupTest">
        <test-method is-config="true" signature="start()[pri:0, instance:com.odoo.testlayer.SignupTest@130161f7]" started-at="2024-04-07T09:31:08 IST" name="start" finished-at="2024-04-07T09:31:08 IST" duration-ms="181" status="PASS">
          <reporter-output>
          </reporter-output>
        </test-method> <!-- start -->
        <test-method is-config="true" signature="setUp()[pri:0, instance:com.odoo.testlayer.SignupTest@130161f7]" started-at="2024-04-07T09:31:08 IST" name="setUp" finished-at="2024-04-07T09:31:17 IST" duration-ms="8939" status="PASS">
          <reporter-output>
          </reporter-output>
        </test-method> <!-- setUp -->
        <test-method signature="verifySignupWithAlreadyRegisterEmail()[pri:0, instance:com.odoo.testlayer.SignupTest@130161f7]" started-at="2024-04-07T09:31:17 IST" name="verifySignupWithAlreadyRegisterEmail" finished-at="2024-04-07T09:31:21 IST" duration-ms="3992" status="PASS">
          <reporter-output>
          </reporter-output>
        </test-method> <!-- verifySignupWithAlreadyRegisterEmail -->
        <test-method is-config="true" signature="tearDown()[pri:0, instance:com.odoo.testlayer.SignupTest@130161f7]" started-at="2024-04-07T09:31:21 IST" name="tearDown" finished-at="2024-04-07T09:31:22 IST" duration-ms="713" status="PASS">
          <reporter-output>
          </reporter-output>
        </test-method> <!-- tearDown -->
        <test-method is-config="true" signature="setUp()[pri:0, instance:com.odoo.testlayer.SignupTest@130161f7]" started-at="2024-04-07T09:31:22 IST" name="setUp" finished-at="2024-04-07T09:31:26 IST" duration-ms="4327" status="PASS">
          <reporter-output>
          </reporter-output>
        </test-method> <!-- setUp -->
        <test-method signature="verifySignupWithValidDetails()[pri:0, instance:com.odoo.testlayer.SignupTest@130161f7]" started-at="2024-04-07T09:31:26 IST" name="verifySignupWithValidDetails" finished-at="2024-04-07T09:31:29 IST" duration-ms="2945" status="FAIL">
          <exception class="java.lang.AssertionError">
            <message>
              <![CDATA[expected [My Portal | testing] but found [Sign up login | testing]]]>
            </message>
            <full-stacktrace>
              <![CDATA[java.lang.AssertionError: expected [My Portal | testing] but found [Sign up login | testing]
at org.testng.Assert.fail(Assert.java:99)
at org.testng.Assert.failNotEquals(Assert.java:1037)
at org.testng.Assert.assertEqualsImpl(Assert.java:140)
at org.testng.Assert.assertEquals(Assert.java:122)
at org.testng.Assert.assertEquals(Assert.java:629)
at org.testng.Assert.assertEquals(Assert.java:639)
at com.odoo.testlayer.SignupTest.verifySignupWithValidDetails(SignupTest.java:36)
at java.base/jdk.internal.reflect.NativeMethodAccessorImpl.invoke0(Native Method)
at java.base/jdk.internal.reflect.NativeMethodAccessorImpl.invoke(NativeMethodAccessorImpl.java:77)
at java.base/jdk.internal.reflect.DelegatingMethodAccessorImpl.invoke(DelegatingMethodAccessorImpl.java:43)
at java.base/java.lang.reflect.Method.invoke(Method.java:568)
at org.testng.internal.MethodInvocationHelper.invokeMethod(MethodInvocationHelper.java:133)
at org.testng.internal.TestInvoker.invokeMethod(TestInvoker.java:598)
at org.testng.internal.TestInvoker.invokeTestMethod(TestInvoker.java:173)
at org.testng.internal.MethodRunner.runInSequence(MethodRunner.java:46)
at org.testng.internal.TestInvoker$MethodInvocationAgent.invoke(TestInvoker.java:824)
at org.testng.internal.TestInvoker.invokeTestMethods(TestInvoker.java:146)
at org.testng.internal.TestMethodWorker.invokeTestMethods(TestMethodWorker.java:146)
at org.testng.internal.TestMethodWorker.run(TestMethodWorker.java:128)
at java.base/java.util.ArrayList.forEach(ArrayList.java:1511)
at org.testng.TestRunner.privateRun(TestRunner.java:794)
at org.testng.TestRunner.run(TestRunner.java:596)
at org.testng.SuiteRunner.runTest(SuiteRunner.java:377)
at org.testng.SuiteRunner.runSequentially(SuiteRunner.java:371)
at org.testng.SuiteRunner.privateRun(SuiteRunner.java:332)
at org.testng.SuiteRunner.run(SuiteRunner.java:276)
at org.testng.SuiteRunnerWorker.runSuite(SuiteRunnerWorker.java:53)
at org.testng.SuiteRunnerWorker.run(SuiteRunnerWorker.java:96)
at org.testng.TestNG.runSuitesSequentially(TestNG.java:1212)
at org.testng.TestNG.runSuitesLocally(TestNG.java:1134)
at org.testng.TestNG.runSuites(TestNG.java:1063)
at org.testng.TestNG.run(TestNG.java:1031)
at org.testng.remote.AbstractRemoteTestNG.run(AbstractRemoteTestNG.java:115)
at org.testng.remote.RemoteTestNG.initAndRun(RemoteTestNG.java:251)
at org.testng.remote.RemoteTestNG.main(RemoteTestNG.java:77)
]]>
            </full-stacktrace>
          </exception> <!-- java.lang.AssertionError -->
          <reporter-output>
          </reporter-output>
        </test-method> <!-- verifySignupWithValidDetails -->
        <test-method is-config="true" signature="tearDown()[pri:0, instance:com.odoo.testlayer.SignupTest@130161f7]" started-at="2024-04-07T09:31:29 IST" name="tearDown" finished-at="2024-04-07T09:31:30 IST" duration-ms="601" status="PASS">
          <reporter-output>
          </reporter-output>
        </test-method> <!-- tearDown -->
        <test-method is-config="true" signature="stop()[pri:0, instance:com.odoo.testlayer.SignupTest@130161f7]" started-at="2024-04-07T09:31:30 IST" name="stop" finished-at="2024-04-07T09:31:30 IST" duration-ms="1" status="PASS">
          <reporter-output>
          </reporter-output>
        </test-method> <!-- stop -->
      </class> <!-- com.odoo.testlayer.SignupTest -->
    </test> <!-- Default test -->
  </suite> <!-- Default suite -->
</testng-results>
